<?xml version="1.0" encoding="UTF-8"?>
<robot generator="Robot 7.1 (Python 3.9.6 on darwin)" generated="2024-12-06T15:15:53.057662" rpa="false" schemaversion="5">
<suite id="s1" name="TC Shopee" source="/Users/tampalita/Documents/Shopee/testcases/TC_Shopee.robot">
<kw name="Open Browser" owner="SeleniumLibrary" type="SETUP">
<msg time="2024-12-06T15:15:53.173325" level="INFO">Opening browser 'edge' to base url 'https://shopee.co.th/'.</msg>
<arg>${URL}</arg>
<arg>edge</arg>
<doc>Opens a new browser instance to the optional ``url``.</doc>
<status status="PASS" start="2024-12-06T15:15:53.173184" elapsed="5.322443"/>
</kw>
<test id="s1-t1" name="TS001 Verify Landing on Shopee Home Page and Changing the Language to English" line="12">
<kw name="This test ensures that the website is functional, accessible, and correctly updates the interface when the language is changed to English.">
<msg time="2024-12-06T15:15:58.501990" level="FAIL">No keyword with name 'This test ensures that the website is functional, accessible, and correctly updates the interface when the language is changed to English.' found.</msg>
<status status="FAIL" start="2024-12-06T15:15:58.501886" elapsed="0.000202">No keyword with name 'This test ensures that the website is functional, accessible, and correctly updates the interface when the language is changed to English.' found.</status>
</kw>
<kw name="Select English Language" owner="ShopeeKeywords">
<status status="NOT RUN" start="2024-12-06T15:15:58.502547" elapsed="0.000039"/>
</kw>
<kw name="Verify Language Is English" owner="ShopeeKeywords">
<status status="NOT RUN" start="2024-12-06T15:15:58.502719" elapsed="0.000023"/>
</kw>
<kw name="Close Browser" owner="SeleniumLibrary">
<doc>Closes the current browser.</doc>
<status status="NOT RUN" start="2024-12-06T15:15:58.502878" elapsed="0.000021"/>
</kw>
<kw name="Capture Page Screenshot" owner="SeleniumLibrary" type="TEARDOWN">
<msg time="2024-12-06T15:15:58.646691" level="INFO" html="true">&lt;/td&gt;&lt;/tr&gt;&lt;tr&gt;&lt;td colspan="3"&gt;&lt;a href="selenium-screenshot-16.png"&gt;&lt;img src="selenium-screenshot-16.png" width="800px"&gt;&lt;/a&gt;</msg>
<doc>Takes a screenshot of the current page and embeds it into a log file.</doc>
<status status="PASS" start="2024-12-06T15:15:58.503118" elapsed="0.143653"/>
</kw>
<doc>Verify that the Shopee home page loads successfully and allows users to change the default language to English.</doc>
<status status="FAIL" start="2024-12-06T15:15:58.498212" elapsed="0.148650">No keyword with name 'This test ensures that the website is functional, accessible, and correctly updates the interface when the language is changed to English.' found.</status>
</test>
<test id="s1-t2" name="TS002 Verify Search Functionality for the Keyword “baby toys”" line="19">
<kw name="This test ensures that users can search for products and that relevant results are displayed for valid input keywords.">
<msg time="2024-12-06T15:15:58.649541" level="FAIL">No keyword with name 'This test ensures that users can search for products and that relevant results are displayed for valid input keywords.' found.</msg>
<status status="FAIL" start="2024-12-06T15:15:58.649512" elapsed="0.000059">No keyword with name 'This test ensures that users can search for products and that relevant results are displayed for valid input keywords.' found.</status>
</kw>
<kw name="Select English Language" owner="ShopeeKeywords">
<status status="NOT RUN" start="2024-12-06T15:15:58.649700" elapsed="0.000022"/>
</kw>
<kw name="Search For Products" owner="ShopeeKeywords">
<arg>baby toys</arg>
<status status="NOT RUN" start="2024-12-06T15:15:58.649810" elapsed="0.000017"/>
</kw>
<kw name="Verify Search Results Displayed" owner="ShopeeKeywords">
<status status="NOT RUN" start="2024-12-06T15:15:58.649916" elapsed="0.000018"/>
</kw>
<kw name="Close Browser" owner="SeleniumLibrary">
<doc>Closes the current browser.</doc>
<status status="NOT RUN" start="2024-12-06T15:15:58.650006" elapsed="0.000016"/>
</kw>
<kw name="Capture Page Screenshot" owner="SeleniumLibrary" type="TEARDOWN">
<msg time="2024-12-06T15:15:58.792364" level="INFO" html="true">&lt;/td&gt;&lt;/tr&gt;&lt;tr&gt;&lt;td colspan="3"&gt;&lt;a href="selenium-screenshot-17.png"&gt;&lt;img src="selenium-screenshot-17.png" width="800px"&gt;&lt;/a&gt;</msg>
<doc>Takes a screenshot of the current page and embeds it into a log file.</doc>
<status status="PASS" start="2024-12-06T15:15:58.650153" elapsed="0.142292"/>
</kw>
<doc>Verify the search functionality on Shopee's home page for the keyword "baby toys."</doc>
<status status="FAIL" start="2024-12-06T15:15:58.648122" elapsed="0.144412">No keyword with name 'This test ensures that users can search for products and that relevant results are displayed for valid input keywords.' found.</status>
</test>
<test id="s1-t3" name="TS003 Verify Search Results Are Displayed as a List" line="27">
<kw name="This test checks that each product has essential details such as name and price, ensuring the search results are structured and informative.">
<msg time="2024-12-06T15:15:58.793902" level="FAIL">No keyword with name 'This test checks that each product has essential details such as name and price, ensuring the search results are structured and informative.' found.</msg>
<status status="FAIL" start="2024-12-06T15:15:58.793871" elapsed="0.000059">No keyword with name 'This test checks that each product has essential details such as name and price, ensuring the search results are structured and informative.' found.</status>
</kw>
<kw name="Select English Language" owner="ShopeeKeywords">
<status status="NOT RUN" start="2024-12-06T15:15:58.794065" elapsed="0.000022"/>
</kw>
<kw name="Search For Products" owner="ShopeeKeywords">
<arg>baby toys</arg>
<status status="NOT RUN" start="2024-12-06T15:15:58.794175" elapsed="0.000017"/>
</kw>
<kw name="Verify Product Details" owner="ShopeeKeywords">
<status status="NOT RUN" start="2024-12-06T15:15:58.794286" elapsed="0.000016"/>
</kw>
<kw name="Close Browser" owner="SeleniumLibrary">
<doc>Closes the current browser.</doc>
<status status="NOT RUN" start="2024-12-06T15:15:58.794376" elapsed="0.000016"/>
</kw>
<kw name="Capture Page Screenshot" owner="SeleniumLibrary" type="TEARDOWN">
<msg time="2024-12-06T15:15:58.907630" level="INFO" html="true">&lt;/td&gt;&lt;/tr&gt;&lt;tr&gt;&lt;td colspan="3"&gt;&lt;a href="selenium-screenshot-18.png"&gt;&lt;img src="selenium-screenshot-18.png" width="800px"&gt;&lt;/a&gt;</msg>
<doc>Takes a screenshot of the current page and embeds it into a log file.</doc>
<status status="PASS" start="2024-12-06T15:15:58.794528" elapsed="0.113184"/>
</kw>
<doc>Verify that the search results for "baby toys" are displayed in a user-friendly list format.</doc>
<status status="FAIL" start="2024-12-06T15:15:58.792707" elapsed="0.115096">No keyword with name 'This test checks that each product has essential details such as name and price, ensuring the search results are structured and informative.' found.</status>
</test>
<kw name="Close Browser" owner="SeleniumLibrary" type="TEARDOWN">
<doc>Closes the current browser.</doc>
<status status="PASS" start="2024-12-06T15:15:58.908354" elapsed="0.095029"/>
</kw>
<status status="FAIL" start="2024-12-06T15:15:53.058409" elapsed="5.945046"/>
</suite>
<statistics>
<total>
<stat pass="0" fail="3" skip="0">All Tests</stat>
</total>
<tag>
</tag>
<suite>
<stat pass="0" fail="3" skip="0" id="s1" name="TC Shopee">TC Shopee</stat>
</suite>
</statistics>
<errors>
<msg time="2024-12-06T15:15:53.171523" level="ERROR">Error in file '/Users/tampalita/Documents/Shopee/keywords/ShopeeKeywords.robot' on line 3: Processing variable file '/Users/tampalita/Documents/Shopee/resources/config/config.yaml' failed: Using YAML variable files requires PyYAML module to be installed. Typically you can install it by running `pip install pyyaml`.</msg>
<msg time="2024-12-06T15:15:53.171690" level="ERROR">Error in file '/Users/tampalita/Documents/Shopee/keywords/ShopeeKeywords.robot' on line 4: Processing variable file '/Users/tampalita/Documents/Shopee/resources/testdata/testdata.yaml' failed: Using YAML variable files requires PyYAML module to be installed. Typically you can install it by running `pip install pyyaml`.</msg>
</errors>
</robot>
