<?xml version="1.0" encoding="UTF-8"?>
<robot generator="Robot 7.1 (Python 3.9.6 on darwin)" generated="2024-10-18T02:16:54.713586" rpa="false" schemaversion="5">
<suite id="s1" name="Automate-Future-Skill" source="/Users/tampalita/Documents/automate-future-skill">
<suite id="s1-s1" name="Testcases" source="/Users/tampalita/Documents/automate-future-skill/testcases">
<suite id="s1-s1-s1" name="LoginTestcases" source="/Users/tampalita/Documents/automate-future-skill/testcases/LoginTestcases.robot">
<kw name="Open Browser" owner="SeleniumLibrary" type="SETUP">
<msg time="2024-10-18T02:16:54.842249" level="INFO">Opening browser 'chrome' to base url 'https://futureskill.co/'.</msg>
<arg>${baseUrl}</arg>
<arg>chrome</arg>
<doc>Opens a new browser instance to the optional ``url``.</doc>
<status status="PASS" start="2024-10-18T02:16:54.841960" elapsed="1.541991"/>
</kw>
<test id="s1-s1-s1-t1" name="As a user, I want to login success with valid credential" line="12">
<kw name="When user login to future skill platform with ${email} and ${valid_password}" owner="LoginPageKeywords" source_name="user login to future skill platform with ${username} and ${password}">
<kw name="Wait until element is ready then click element" owner="CommonKeywords">
<kw name="Wait Until Keyword Succeeds" owner="BuiltIn">
<kw name="Click Element" owner="SeleniumLibrary">
<msg time="2024-10-18T02:16:56.434289" level="INFO">Clicking element 'xpath=//button[text()="เข้าสู่ระบบ"]'.</msg>
<arg>${locator}</arg>
<doc>Click the element identified by ``locator``.</doc>
<status status="PASS" start="2024-10-18T02:16:56.426963" elapsed="1.794394"/>
</kw>
<arg>5x</arg>
<arg>2s</arg>
<arg>Click Element</arg>
<arg>${locator}</arg>
<doc>Runs the specified keyword and retries if it fails.</doc>
<status status="PASS" start="2024-10-18T02:16:56.425781" elapsed="1.795966"/>
</kw>
<arg>xpath=//button[text()="เข้าสู่ระบบ"]</arg>
<status status="PASS" start="2024-10-18T02:16:56.423458" elapsed="1.798585"/>
</kw>
<kw name="Wait until element is ready then input text" owner="CommonKeywords">
<kw name="Wait Until Keyword Succeeds" owner="BuiltIn">
<kw name="Input Text" owner="SeleniumLibrary">
<msg time="2024-10-18T02:16:58.224036" level="INFO">Typing text 'Ab.stopbus+1@gmail.com' into text field 'name=email'.</msg>
<arg>${locator}</arg>
<arg>${text}</arg>
<doc>Types the given ``text`` into the text field identified by ``locator``.</doc>
<status status="PASS" start="2024-10-18T02:16:58.223797" elapsed="0.235745"/>
</kw>
<arg>5x</arg>
<arg>2s</arg>
<arg>Input Text</arg>
<arg>${locator}</arg>
<arg>${text}</arg>
<doc>Runs the specified keyword and retries if it fails.</doc>
<status status="PASS" start="2024-10-18T02:16:58.223302" elapsed="0.236872"/>
</kw>
<arg>name=email</arg>
<arg>${username}</arg>
<status status="PASS" start="2024-10-18T02:16:58.222283" elapsed="0.238341"/>
</kw>
<kw name="Wait until element is ready then input text" owner="CommonKeywords">
<kw name="Wait Until Keyword Succeeds" owner="BuiltIn">
<kw name="Input Text" owner="SeleniumLibrary">
<msg time="2024-10-18T02:16:58.463379" level="INFO">Typing text 'Password123!' into text field 'name=password'.</msg>
<arg>${locator}</arg>
<arg>${text}</arg>
<doc>Types the given ``text`` into the text field identified by ``locator``.</doc>
<status status="PASS" start="2024-10-18T02:16:58.462027" elapsed="0.058049"/>
</kw>
<arg>5x</arg>
<arg>2s</arg>
<arg>Input Text</arg>
<arg>${locator}</arg>
<arg>${text}</arg>
<doc>Runs the specified keyword and retries if it fails.</doc>
<status status="PASS" start="2024-10-18T02:16:58.461550" elapsed="0.058706"/>
</kw>
<arg>name=password</arg>
<arg>${password}</arg>
<status status="PASS" start="2024-10-18T02:16:58.461063" elapsed="0.059403"/>
</kw>
<kw name="Wait until element is ready then click element" owner="CommonKeywords">
<kw name="Wait Until Keyword Succeeds" owner="BuiltIn">
<kw name="Click Element" owner="SeleniumLibrary">
<msg time="2024-10-18T02:16:58.522021" level="INFO">Clicking element 'xpath=//button[@type="submit" and text()="เข้าสู่ระบบ"]'.</msg>
<arg>${locator}</arg>
<doc>Click the element identified by ``locator``.</doc>
<status status="PASS" start="2024-10-18T02:16:58.521785" elapsed="0.055843"/>
</kw>
<arg>5x</arg>
<arg>2s</arg>
<arg>Click Element</arg>
<arg>${locator}</arg>
<doc>Runs the specified keyword and retries if it fails.</doc>
<status status="PASS" start="2024-10-18T02:16:58.521187" elapsed="0.057130"/>
</kw>
<arg>xpath=//button[@type="submit" and text()="เข้าสู่ระบบ"]</arg>
<status status="PASS" start="2024-10-18T02:16:58.520782" elapsed="0.057896"/>
</kw>
<status status="PASS" start="2024-10-18T02:16:56.413583" elapsed="2.165485"/>
</kw>
<kw name="Then future skill should display home page and display message as &quot;แนะนำคอร์สเรียนที่คุณสนใจ&quot;" owner="HomePageKeywords" source_name="future skill should display home page and display message as &quot;${expected_message}&quot;">
<kw name="Wait until page contains element then verify text" owner="CommonKeywords">
<kw name="Wait Until Keyword Succeeds" owner="BuiltIn">
<kw name="Page Should Contain" owner="SeleniumLibrary">
<msg time="2024-10-18T02:16:58.819067" level="INFO" html="true">&lt;/td&gt;&lt;/tr&gt;&lt;tr&gt;&lt;td colspan="3"&gt;&lt;a href="selenium-screenshot-4.png"&gt;&lt;img src="selenium-screenshot-4.png" width="800px"&gt;&lt;/a&gt;</msg>
<msg time="2024-10-18T02:16:58.819254" level="FAIL">Page should have contained text 'แนะนำคอร์สเรียนที่คุณสนใจ' but did not.</msg>
<arg>${expected_text}</arg>
<doc>Verifies that current page contains ``text``.</doc>
<status status="FAIL" start="2024-10-18T02:16:58.583656" elapsed="0.239171">Page should have contained text 'แนะนำคอร์สเรียนที่คุณสนใจ' but did not.</status>
</kw>
<kw name="Page Should Contain" owner="SeleniumLibrary">
<msg time="2024-10-18T02:17:01.330429" level="INFO" html="true">&lt;/td&gt;&lt;/tr&gt;&lt;tr&gt;&lt;td colspan="3"&gt;&lt;a href="selenium-screenshot-5.png"&gt;&lt;img src="selenium-screenshot-5.png" width="800px"&gt;&lt;/a&gt;</msg>
<msg time="2024-10-18T02:17:01.330614" level="FAIL">Page should have contained text 'แนะนำคอร์สเรียนที่คุณสนใจ' but did not.</msg>
<arg>${expected_text}</arg>
<doc>Verifies that current page contains ``text``.</doc>
<status status="FAIL" start="2024-10-18T02:17:00.826188" elapsed="0.504654">Page should have contained text 'แนะนำคอร์สเรียนที่คุณสนใจ' but did not.</status>
</kw>
<kw name="Page Should Contain" owner="SeleniumLibrary">
<msg time="2024-10-18T02:17:03.644307" level="INFO" html="true">&lt;/td&gt;&lt;/tr&gt;&lt;tr&gt;&lt;td colspan="3"&gt;&lt;a href="selenium-screenshot-6.png"&gt;&lt;img src="selenium-screenshot-6.png" width="800px"&gt;&lt;/a&gt;</msg>
<msg time="2024-10-18T02:17:03.644564" level="FAIL">Page should have contained text 'แนะนำคอร์สเรียนที่คุณสนใจ' but did not.</msg>
<arg>${expected_text}</arg>
<doc>Verifies that current page contains ``text``.</doc>
<status status="FAIL" start="2024-10-18T02:17:03.334521" elapsed="0.310225">Page should have contained text 'แนะนำคอร์สเรียนที่คุณสนใจ' but did not.</status>
</kw>
<kw name="Page Should Contain" owner="SeleniumLibrary">
<msg time="2024-10-18T02:17:05.983563" level="INFO" html="true">&lt;/td&gt;&lt;/tr&gt;&lt;tr&gt;&lt;td colspan="3"&gt;&lt;a href="selenium-screenshot-7.png"&gt;&lt;img src="selenium-screenshot-7.png" width="800px"&gt;&lt;/a&gt;</msg>
<msg time="2024-10-18T02:17:05.983753" level="FAIL">Page should have contained text 'แนะนำคอร์สเรียนที่คุณสนใจ' but did not.</msg>
<arg>${expected_text}</arg>
<doc>Verifies that current page contains ``text``.</doc>
<status status="FAIL" start="2024-10-18T02:17:05.648431" elapsed="0.335576">Page should have contained text 'แนะนำคอร์สเรียนที่คุณสนใจ' but did not.</status>
</kw>
<kw name="Page Should Contain" owner="SeleniumLibrary">
<msg time="2024-10-18T02:17:08.642574" level="INFO" html="true">&lt;/td&gt;&lt;/tr&gt;&lt;tr&gt;&lt;td colspan="3"&gt;&lt;a href="selenium-screenshot-8.png"&gt;&lt;img src="selenium-screenshot-8.png" width="800px"&gt;&lt;/a&gt;</msg>
<msg time="2024-10-18T02:17:08.642780" level="FAIL">Page should have contained text 'แนะนำคอร์สเรียนที่คุณสนใจ' but did not.</msg>
<arg>${expected_text}</arg>
<doc>Verifies that current page contains ``text``.</doc>
<status status="FAIL" start="2024-10-18T02:17:07.988834" elapsed="0.654166">Page should have contained text 'แนะนำคอร์สเรียนที่คุณสนใจ' but did not.</status>
</kw>
<msg time="2024-10-18T02:17:08.643158" level="FAIL">Keyword 'Page Should Contain' failed after retrying 5 times. The last error was: Page should have contained text 'แนะนำคอร์สเรียนที่คุณสนใจ' but did not.</msg>
<arg>5x</arg>
<arg>2s</arg>
<arg>Page Should Contain</arg>
<arg>${expected_text}</arg>
<doc>Runs the specified keyword and retries if it fails.</doc>
<status status="FAIL" start="2024-10-18T02:16:58.583459" elapsed="10.059876">Keyword 'Page Should Contain' failed after retrying 5 times. The last error was: Page should have contained text 'แนะนำคอร์สเรียนที่คุณสนใจ' but did not.</status>
</kw>
<arg>${expected_message}</arg>
<status status="FAIL" start="2024-10-18T02:16:58.583204" elapsed="10.060283">Keyword 'Page Should Contain' failed after retrying 5 times. The last error was: Page should have contained text 'แนะนำคอร์สเรียนที่คุณสนใจ' but did not.</status>
</kw>
<status status="FAIL" start="2024-10-18T02:16:58.581644" elapsed="10.061938">Keyword 'Page Should Contain' failed after retrying 5 times. The last error was: Page should have contained text 'แนะนำคอร์สเรียนที่คุณสนใจ' but did not.</status>
</kw>
<kw name="user logout from future skill platform" owner="HomePageKeywords" type="TEARDOWN">
<kw name="Wait until element is ready then click element" owner="CommonKeywords">
<kw name="Wait Until Keyword Succeeds" owner="BuiltIn">
<kw name="Click Element" owner="SeleniumLibrary">
<msg time="2024-10-18T02:17:08.647107" level="INFO">Clicking element 'xpath=//button[@aria-haspopup="menu"]'.</msg>
<arg>${locator}</arg>
<doc>Click the element identified by ``locator``.</doc>
<status status="PASS" start="2024-10-18T02:17:08.646595" elapsed="0.054818"/>
</kw>
<arg>5x</arg>
<arg>2s</arg>
<arg>Click Element</arg>
<arg>${locator}</arg>
<doc>Runs the specified keyword and retries if it fails.</doc>
<status status="PASS" start="2024-10-18T02:17:08.646094" elapsed="0.055474"/>
</kw>
<arg>xpath=//button[@aria-haspopup="menu"]</arg>
<status status="PASS" start="2024-10-18T02:17:08.645599" elapsed="0.056066"/>
</kw>
<kw name="Wait until element is ready then click element" owner="CommonKeywords">
<kw name="Wait Until Keyword Succeeds" owner="BuiltIn">
<kw name="Click Element" owner="SeleniumLibrary">
<msg time="2024-10-18T02:17:08.702494" level="INFO">Clicking element 'xpath=//div[contains(text(),"ออกจากระบบ")]'.</msg>
<arg>${locator}</arg>
<doc>Click the element identified by ``locator``.</doc>
<status status="PASS" start="2024-10-18T02:17:08.702313" elapsed="0.458601"/>
</kw>
<arg>5x</arg>
<arg>2s</arg>
<arg>Click Element</arg>
<arg>${locator}</arg>
<doc>Runs the specified keyword and retries if it fails.</doc>
<status status="PASS" start="2024-10-18T02:17:08.702121" elapsed="0.459187"/>
</kw>
<arg>xpath=//div[contains(text(),"ออกจากระบบ")]</arg>
<status status="PASS" start="2024-10-18T02:17:08.701811" elapsed="0.459612"/>
</kw>
<status status="PASS" start="2024-10-18T02:17:08.644936" elapsed="0.516768"/>
</kw>
<status status="FAIL" start="2024-10-18T02:16:56.389670" elapsed="12.772176">Keyword 'Page Should Contain' failed after retrying 5 times. The last error was: Page should have contained text 'แนะนำคอร์สเรียนที่คุณสนใจ' but did not.</status>
</test>
<kw name="Close Browser" owner="SeleniumLibrary" type="TEARDOWN">
<doc>Closes the current browser.</doc>
<status status="PASS" start="2024-10-18T02:17:09.163022" elapsed="0.150275"/>
</kw>
<status status="FAIL" start="2024-10-18T02:16:54.730737" elapsed="14.582716"/>
</suite>
<status status="FAIL" start="2024-10-18T02:16:54.729449" elapsed="14.585004"/>
</suite>
<status status="FAIL" start="2024-10-18T02:16:54.715606" elapsed="14.599435"/>
</suite>
<statistics>
<total>
<stat pass="0" fail="1" skip="0">All Tests</stat>
</total>
<tag>
</tag>
<suite>
<stat pass="0" fail="1" skip="0" id="s1" name="Automate-Future-Skill">Automate-Future-Skill</stat>
<stat pass="0" fail="1" skip="0" id="s1-s1" name="Testcases">Automate-Future-Skill.Testcases</stat>
<stat pass="0" fail="1" skip="0" id="s1-s1-s1" name="LoginTestcases">Automate-Future-Skill.Testcases.LoginTestcases</stat>
</suite>
</statistics>
<errors>
</errors>
</robot>
